[1734981419] Nagios 4.5.7 starting... (PID=25)
[1734981419] Local time is Mon Dec 23 19:16:59 UTC 2024
[1734981419] LOG VERSION: 2.0
[1734981419] qh: Socket '/opt/nagios/var/rw/nagios.qh' successfully initialized
[1734981419] qh: core query handler registered
[1734981419] qh: echo service query handler registered
[1734981419] qh: help for the query handler registered
[1734981419] wproc: Successfully registered manager as @wproc with query handler
[1734981420] wproc: Registry request: name=Core Worker 38;pid=38
[1734981420] wproc: Registry request: name=Core Worker 40;pid=40
[1734981420] wproc: Registry request: name=Core Worker 39;pid=39
[1734981420] wproc: Registry request: name=Core Worker 41;pid=41
[1734981420] wproc: Registry request: name=Core Worker 42;pid=42
[1734981420] wproc: Registry request: name=Core Worker 43;pid=43
[1734981423] Successfully launched command file worker with pid 59
[1734981548] SERVICE ALERT: localhost;HTTP;WARNING;SOFT;1;HTTP WARNING: HTTP/1.1 401 Unauthorized - 695 bytes in 0.001 second response time
[1734981608] SERVICE ALERT: localhost;HTTP;WARNING;SOFT;2;HTTP WARNING: HTTP/1.1 401 Unauthorized - 695 bytes in 0.001 second response time
[1734981668] SERVICE ALERT: localhost;HTTP;WARNING;SOFT;3;HTTP WARNING: HTTP/1.1 401 Unauthorized - 695 bytes in 0.001 second response time
[1734981728] SERVICE ALERT: localhost;HTTP;WARNING;HARD;4;HTTP WARNING: HTTP/1.1 401 Unauthorized - 695 bytes in 0.002 second response time
[1734985020] Auto-save of retention data completed successfully.
[1734988620] Auto-save of retention data completed successfully.
[1734989398] Caught SIGTERM, shutting down...
[1734989399] Successfully shutdown... (PID=25)
[1735011028] Nagios 4.5.7 starting... (PID=22)
[1735011028] Local time is Tue Dec 24 03:30:28 UTC 2024
[1735011028] LOG VERSION: 2.0
[1735011028] qh: Socket '/opt/nagios/var/rw/nagios.qh' successfully initialized
[1735011028] qh: core query handler registered
[1735011028] qh: echo service query handler registered
[1735011028] qh: help for the query handler registered
[1735011028] wproc: Successfully registered manager as @wproc with query handler
[1735011028] wproc: Registry request: name=Core Worker 33;pid=33
[1735011028] wproc: Registry request: name=Core Worker 32;pid=32
[1735011028] wproc: Registry request: name=Core Worker 36;pid=36
[1735011028] wproc: Registry request: name=Core Worker 37;pid=37
[1735011028] wproc: Registry request: name=Core Worker 35;pid=35
[1735011028] wproc: Registry request: name=Core Worker 34;pid=34
[1735011032] Successfully launched command file worker with pid 53
[1735011585] Caught SIGTERM, shutting down...
[1735011585] Successfully shutdown... (PID=22)
[1735011945] Nagios 4.5.7 starting... (PID=23)
[1735011945] Local time is Tue Dec 24 03:45:45 UTC 2024
[1735011945] LOG VERSION: 2.0
[1735011945] qh: Socket '/opt/nagios/var/rw/nagios.qh' successfully initialized
[1735011945] qh: core query handler registered
[1735011945] qh: echo service query handler registered
[1735011945] qh: help for the query handler registered
[1735011945] wproc: Successfully registered manager as @wproc with query handler
[1735011945] wproc: Registry request: name=Core Worker 32;pid=32
[1735011945] wproc: Registry request: name=Core Worker 37;pid=37
[1735011945] wproc: Registry request: name=Core Worker 35;pid=35
[1735011945] wproc: Registry request: name=Core Worker 33;pid=33
[1735011945] wproc: Registry request: name=Core Worker 36;pid=36
[1735011945] wproc: Registry request: name=Core Worker 34;pid=34
[1735011946] Successfully launched command file worker with pid 43
[1735012289] Caught SIGTERM, shutting down...
[1735012289] Successfully shutdown... (PID=23)
[1735012425] Nagios 4.5.7 starting... (PID=19)
[1735012425] Local time is Tue Dec 24 03:53:45 UTC 2024
[1735012425] LOG VERSION: 2.0
[1735012425] qh: Socket '/opt/nagios/var/rw/nagios.qh' successfully initialized
[1735012425] qh: core query handler registered
[1735012425] qh: echo service query handler registered
[1735012425] qh: help for the query handler registered
[1735012425] wproc: Successfully registered manager as @wproc with query handler
[1735012425] wproc: Registry request: name=Core Worker 39;pid=39
[1735012425] wproc: Registry request: name=Core Worker 40;pid=40
[1735012425] wproc: Registry request: name=Core Worker 44;pid=44
[1735012425] wproc: Registry request: name=Core Worker 42;pid=42
[1735012425] wproc: Registry request: name=Core Worker 43;pid=43
[1735012425] wproc: Registry request: name=Core Worker 41;pid=41
[1735012425] Successfully launched command file worker with pid 45
[1735012614] Caught SIGTERM, shutting down...
[1735012614] Successfully shutdown... (PID=19)
[1735012722] Nagios 4.5.7 starting... (PID=24)
[1735012722] Local time is Tue Dec 24 03:58:42 UTC 2024
[1735012722] LOG VERSION: 2.0
[1735012722] qh: Socket '/opt/nagios/var/rw/nagios.qh' successfully initialized
[1735012722] qh: core query handler registered
[1735012722] qh: echo service query handler registered
[1735012722] qh: help for the query handler registered
[1735012722] wproc: Successfully registered manager as @wproc with query handler
[1735012722] wproc: Registry request: name=Core Worker 33;pid=33
[1735012722] wproc: Registry request: name=Core Worker 32;pid=32
[1735012722] wproc: Registry request: name=Core Worker 34;pid=34
[1735012722] wproc: Registry request: name=Core Worker 36;pid=36
[1735012722] wproc: Registry request: name=Core Worker 38;pid=38
[1735012722] wproc: Registry request: name=Core Worker 37;pid=37
[1735012723] Successfully launched command file worker with pid 43
[1735012752] Caught SIGTERM, shutting down...
[1735012752] Successfully shutdown... (PID=24)
[1735012792] Nagios 4.5.7 starting... (PID=20)
[1735012792] Local time is Tue Dec 24 03:59:52 UTC 2024
[1735012792] LOG VERSION: 2.0
[1735012792] qh: Socket '/opt/nagios/var/rw/nagios.qh' successfully initialized
[1735012792] qh: core query handler registered
[1735012792] qh: echo service query handler registered
[1735012792] qh: help for the query handler registered
[1735012792] wproc: Successfully registered manager as @wproc with query handler
[1735012792] wproc: Registry request: name=Core Worker 40;pid=40
[1735012792] wproc: Registry request: name=Core Worker 39;pid=39
[1735012792] wproc: Registry request: name=Core Worker 37;pid=37
[1735012792] wproc: Registry request: name=Core Worker 38;pid=38
[1735012793] wproc: Registry request: name=Core Worker 35;pid=35
[1735012793] wproc: Registry request: name=Core Worker 36;pid=36
[1735012793] Successfully launched command file worker with pid 48
[1735013384] Caught SIGTERM, shutting down...
[1735013384] Successfully shutdown... (PID=20)
[1735013563] Nagios 4.5.7 starting... (PID=25)
[1735013563] Local time is Tue Dec 24 04:12:43 UTC 2024
[1735013563] LOG VERSION: 2.0
[1735013564] qh: Socket '/opt/nagios/var/rw/nagios.qh' successfully initialized
[1735013564] qh: core query handler registered
[1735013564] qh: echo service query handler registered
[1735013564] qh: help for the query handler registered
[1735013564] wproc: Successfully registered manager as @wproc with query handler
[1735013564] wproc: Registry request: name=Core Worker 43;pid=43
[1735013564] wproc: Registry request: name=Core Worker 40;pid=40
[1735013564] wproc: Registry request: name=Core Worker 42;pid=42
[1735013564] wproc: Registry request: name=Core Worker 45;pid=45
[1735013564] wproc: Registry request: name=Core Worker 44;pid=44
[1735013564] wproc: Registry request: name=Core Worker 41;pid=41
[1735013564] Successfully launched command file worker with pid 48
[1735013883] Caught SIGTERM, shutting down...
[1735013883] Successfully shutdown... (PID=25)
[1735018861] Nagios 4.5.7 starting... (PID=19)
[1735018861] Local time is Tue Dec 24 05:41:01 UTC 2024
[1735018861] LOG VERSION: 2.0
[1735018861] qh: Socket '/opt/nagios/var/rw/nagios.qh' successfully initialized
[1735018861] qh: core query handler registered
[1735018861] qh: echo service query handler registered
[1735018861] qh: help for the query handler registered
[1735018861] wproc: Successfully registered manager as @wproc with query handler
[1735018861] wproc: Registry request: name=Core Worker 31;pid=31
[1735018861] wproc: Registry request: name=Core Worker 30;pid=30
[1735018861] wproc: Registry request: name=Core Worker 35;pid=35
[1735018861] wproc: Registry request: name=Core Worker 34;pid=34
[1735018861] wproc: Registry request: name=Core Worker 33;pid=33
[1735018861] wproc: Registry request: name=Core Worker 32;pid=32
[1735018861] Successfully launched command file worker with pid 38
[1735019168] Caught SIGTERM, shutting down...
[1735019168] Successfully shutdown... (PID=19)
[1735019253] Nagios 4.5.7 starting... (PID=22)
[1735019253] Local time is Tue Dec 24 05:47:33 UTC 2024
[1735019253] LOG VERSION: 2.0
[1735019253] qh: Socket '/opt/nagios/var/rw/nagios.qh' successfully initialized
[1735019253] qh: core query handler registered
[1735019253] qh: echo service query handler registered
[1735019253] qh: help for the query handler registered
[1735019253] wproc: Successfully registered manager as @wproc with query handler
[1735019253] wproc: Registry request: name=Core Worker 41;pid=41
[1735019253] wproc: Registry request: name=Core Worker 40;pid=40
[1735019253] wproc: Registry request: name=Core Worker 45;pid=45
[1735019253] wproc: Registry request: name=Core Worker 44;pid=44
[1735019253] wproc: Registry request: name=Core Worker 42;pid=42
[1735019253] wproc: Registry request: name=Core Worker 43;pid=43
[1735019253] Successfully launched command file worker with pid 46
[1735019356] Caught SIGTERM, shutting down...
[1735019356] Successfully shutdown... (PID=22)
[1735019371] Nagios 4.5.7 starting... (PID=22)
[1735019371] Local time is Tue Dec 24 05:49:31 UTC 2024
[1735019371] LOG VERSION: 2.0
[1735019371] qh: Socket '/opt/nagios/var/rw/nagios.qh' successfully initialized
[1735019371] qh: core query handler registered
[1735019371] qh: echo service query handler registered
[1735019371] qh: help for the query handler registered
[1735019371] wproc: Successfully registered manager as @wproc with query handler
[1735019371] wproc: Registry request: name=Core Worker 32;pid=32
[1735019371] wproc: Registry request: name=Core Worker 33;pid=33
[1735019371] wproc: Registry request: name=Core Worker 36;pid=36
[1735019371] wproc: Registry request: name=Core Worker 34;pid=34
[1735019371] wproc: Registry request: name=Core Worker 35;pid=35
[1735019371] wproc: Registry request: name=Core Worker 37;pid=37
[1735019371] Successfully launched command file worker with pid 43
[1735019879] Caught SIGTERM, shutting down...
[1735019880] Successfully shutdown... (PID=22)
[1735019961] Nagios 4.5.7 starting... (PID=19)
[1735019961] Local time is Tue Dec 24 05:59:21 UTC 2024
[1735019961] LOG VERSION: 2.0
[1735019961] qh: Socket '/opt/nagios/var/rw/nagios.qh' successfully initialized
[1735019961] qh: core query handler registered
[1735019961] qh: echo service query handler registered
[1735019961] qh: help for the query handler registered
[1735019961] wproc: Successfully registered manager as @wproc with query handler
[1735019961] wproc: Registry request: name=Core Worker 41;pid=41
[1735019961] wproc: Registry request: name=Core Worker 40;pid=40
[1735019961] wproc: Registry request: name=Core Worker 42;pid=42
[1735019961] wproc: Registry request: name=Core Worker 43;pid=43
[1735019961] wproc: Registry request: name=Core Worker 44;pid=44
[1735019961] wproc: Registry request: name=Core Worker 45;pid=45
[1735019962] Successfully launched command file worker with pid 46
[1735021461] Caught SIGTERM, shutting down...
[1735021461] Successfully shutdown... (PID=19)
[1735021499] Nagios 4.5.7 starting... (PID=22)
[1735021499] Local time is Tue Dec 24 06:24:59 UTC 2024
[1735021499] LOG VERSION: 2.0
[1735021499] qh: Socket '/opt/nagios/var/rw/nagios.qh' successfully initialized
[1735021499] qh: core query handler registered
[1735021499] qh: echo service query handler registered
[1735021499] qh: help for the query handler registered
[1735021499] wproc: Successfully registered manager as @wproc with query handler
[1735021499] wproc: Registry request: name=Core Worker 34;pid=34
[1735021499] wproc: Registry request: name=Core Worker 33;pid=33
[1735021499] wproc: Registry request: name=Core Worker 37;pid=37
[1735021499] wproc: Registry request: name=Core Worker 35;pid=35
[1735021499] wproc: Registry request: name=Core Worker 38;pid=38
[1735021499] wproc: Registry request: name=Core Worker 36;pid=36
[1735021499] Successfully launched command file worker with pid 44
[1735022655] Caught SIGTERM, shutting down...
[1735022655] Successfully shutdown... (PID=22)
[1735022733] Nagios 4.5.7 starting... (PID=20)
[1735022733] Local time is Tue Dec 24 06:45:33 UTC 2024
[1735022733] LOG VERSION: 2.0
[1735022733] qh: Socket '/opt/nagios/var/rw/nagios.qh' successfully initialized
[1735022733] qh: core query handler registered
[1735022733] qh: echo service query handler registered
[1735022733] qh: help for the query handler registered
[1735022733] wproc: Successfully registered manager as @wproc with query handler
[1735022733] wproc: Registry request: name=Core Worker 41;pid=41
[1735022733] wproc: Registry request: name=Core Worker 40;pid=40
[1735022733] wproc: Registry request: name=Core Worker 44;pid=44
[1735022733] wproc: Registry request: name=Core Worker 43;pid=43
[1735022733] wproc: Registry request: name=Core Worker 45;pid=45
[1735022733] wproc: Registry request: name=Core Worker 42;pid=42
[1735022733] Successfully launched command file worker with pid 46
[1735023220] Caught SIGTERM, shutting down...
[1735023220] Successfully shutdown... (PID=20)
[1735023276] Nagios 4.5.7 starting... (PID=22)
[1735023276] Local time is Tue Dec 24 06:54:36 UTC 2024
[1735023276] LOG VERSION: 2.0
[1735023276] qh: Socket '/opt/nagios/var/rw/nagios.qh' successfully initialized
[1735023276] qh: core query handler registered
[1735023276] qh: echo service query handler registered
[1735023276] qh: help for the query handler registered
[1735023276] wproc: Successfully registered manager as @wproc with query handler
[1735023276] wproc: Registry request: name=Core Worker 39;pid=39
[1735023276] wproc: Registry request: name=Core Worker 40;pid=40
[1735023276] wproc: Registry request: name=Core Worker 43;pid=43
[1735023276] wproc: Registry request: name=Core Worker 42;pid=42
[1735023276] wproc: Registry request: name=Core Worker 44;pid=44
[1735023276] wproc: Registry request: name=Core Worker 41;pid=41
[1735023276] Successfully launched command file worker with pid 47
